<?xml version="1.0" encoding="UTF-8"?>
<testng-results ignored="0" total="9" passed="7" failed="2" skipped="0">
  <reporter-output>
  </reporter-output>
  <suite started-at="2022-12-13T21:53:07 IST" name="Default suite" finished-at="2022-12-13T21:54:07 IST" duration-ms="60349">
    <groups>
    </groups>
    <test started-at="2022-12-13T21:53:07 IST" name="Default test" finished-at="2022-12-13T21:54:07 IST" duration-ms="60349">
      <class name="regression.InventoryCategoryTest">
        <test-method is-config="true" signature="beforeSuite()[pri:0, instance:regression.InventoryCategoryTest@6392827e]" started-at="2022-12-13T21:53:06 IST" name="beforeSuite" finished-at="2022-12-13T21:53:07 IST" duration-ms="642" status="PASS">
          <reporter-output>
          </reporter-output>
        </test-method> <!-- beforeSuite -->
        <test-method is-config="true" signature="beforeClassOfA()[pri:0, instance:regression.InventoryCategoryTest@6392827e]" started-at="2022-12-13T21:53:07 IST" name="beforeClassOfA" finished-at="2022-12-13T21:53:21 IST" duration-ms="13924" status="PASS">
          <reporter-output>
          </reporter-output>
        </test-method> <!-- beforeClassOfA -->
        <test-method is-config="true" signature="beforeMethod(java.lang.reflect.Method)[pri:0, instance:regression.InventoryCategoryTest@6392827e]" started-at="2022-12-13T21:53:21 IST" name="beforeMethod" finished-at="2022-12-13T21:53:21 IST" duration-ms="7" status="PASS">
          <params>
            <param index="0">
              <value>
                <![CDATA[public void regression.InventoryCategoryTest.verifyNewCategoryCanBeAddedOnCategoryPage()]]>
              </value>
            </param>
          </params>
          <reporter-output>
          </reporter-output>
        </test-method> <!-- beforeMethod -->
        <test-method signature="verifyNewCategoryCanBeAddedOnCategoryPage()[pri:1, instance:regression.InventoryCategoryTest@6392827e]" started-at="2022-12-13T21:53:21 IST" name="verifyNewCategoryCanBeAddedOnCategoryPage" finished-at="2022-12-13T21:53:24 IST" duration-ms="3509" status="PASS">
          <reporter-output>
          </reporter-output>
        </test-method> <!-- verifyNewCategoryCanBeAddedOnCategoryPage -->
        <test-method is-config="true" signature="afterMethod(org.testng.ITestResult)[pri:0, instance:regression.InventoryCategoryTest@6392827e]" started-at="2022-12-13T21:53:24 IST" name="afterMethod" finished-at="2022-12-13T21:53:24 IST" duration-ms="46" status="PASS">
          <params>
            <param index="0">
              <value>
                <![CDATA[[TestResult name=verifyNewCategoryCanBeAddedOnCategoryPage status=SUCCESS method=InventoryCategoryTest.verifyNewCategoryCanBeAddedOnCategoryPage()[pri:1, instance:regression.InventoryCategoryTest@6392827e] output={null}]]]>
              </value>
            </param>
          </params>
          <reporter-output>
          </reporter-output>
        </test-method> <!-- afterMethod -->
        <test-method is-config="true" signature="beforeMethod(java.lang.reflect.Method)[pri:0, instance:regression.InventoryCategoryTest@6392827e]" started-at="2022-12-13T21:53:24 IST" name="beforeMethod" finished-at="2022-12-13T21:53:24 IST" duration-ms="1" status="PASS">
          <params>
            <param index="0">
              <value>
                <![CDATA[public void regression.InventoryCategoryTest.verifyCountGetsIncreasedAfterAddingNewCategory()]]>
              </value>
            </param>
          </params>
          <reporter-output>
          </reporter-output>
        </test-method> <!-- beforeMethod -->
        <test-method signature="verifyCountGetsIncreasedAfterAddingNewCategory()[pri:2, instance:regression.InventoryCategoryTest@6392827e]" started-at="2022-12-13T21:53:24 IST" name="verifyCountGetsIncreasedAfterAddingNewCategory" finished-at="2022-12-13T21:53:24 IST" duration-ms="95" status="PASS">
          <reporter-output>
          </reporter-output>
        </test-method> <!-- verifyCountGetsIncreasedAfterAddingNewCategory -->
        <test-method is-config="true" signature="afterMethod(org.testng.ITestResult)[pri:0, instance:regression.InventoryCategoryTest@6392827e]" started-at="2022-12-13T21:53:25 IST" name="afterMethod" finished-at="2022-12-13T21:53:25 IST" duration-ms="1" status="PASS">
          <params>
            <param index="0">
              <value>
                <![CDATA[[TestResult name=verifyCountGetsIncreasedAfterAddingNewCategory status=SUCCESS method=InventoryCategoryTest.verifyCountGetsIncreasedAfterAddingNewCategory()[pri:2, instance:regression.InventoryCategoryTest@6392827e] output={null}]]]>
              </value>
            </param>
          </params>
          <reporter-output>
          </reporter-output>
        </test-method> <!-- afterMethod -->
        <test-method is-config="true" signature="beforeMethod(java.lang.reflect.Method)[pri:0, instance:regression.InventoryCategoryTest@6392827e]" started-at="2022-12-13T21:53:25 IST" name="beforeMethod" finished-at="2022-12-13T21:53:25 IST" duration-ms="0" status="PASS">
          <params>
            <param index="0">
              <value>
                <![CDATA[public void regression.InventoryCategoryTest.verifyNewlyAddedCategoryIsDisplayedOnCategoryPage()]]>
              </value>
            </param>
          </params>
          <reporter-output>
          </reporter-output>
        </test-method> <!-- beforeMethod -->
        <test-method signature="verifyNewlyAddedCategoryIsDisplayedOnCategoryPage()[pri:3, instance:regression.InventoryCategoryTest@6392827e]" started-at="2022-12-13T21:53:25 IST" name="verifyNewlyAddedCategoryIsDisplayedOnCategoryPage" finished-at="2022-12-13T21:53:30 IST" duration-ms="5054" status="PASS">
          <reporter-output>
          </reporter-output>
        </test-method> <!-- verifyNewlyAddedCategoryIsDisplayedOnCategoryPage -->
        <test-method is-config="true" signature="afterMethod(org.testng.ITestResult)[pri:0, instance:regression.InventoryCategoryTest@6392827e]" started-at="2022-12-13T21:53:30 IST" name="afterMethod" finished-at="2022-12-13T21:53:30 IST" duration-ms="1" status="PASS">
          <params>
            <param index="0">
              <value>
                <![CDATA[[TestResult name=verifyNewlyAddedCategoryIsDisplayedOnCategoryPage status=SUCCESS method=InventoryCategoryTest.verifyNewlyAddedCategoryIsDisplayedOnCategoryPage()[pri:3, instance:regression.InventoryCategoryTest@6392827e] output={null}]]]>
              </value>
            </param>
          </params>
          <reporter-output>
          </reporter-output>
        </test-method> <!-- afterMethod -->
        <test-method is-config="true" signature="beforeMethod(java.lang.reflect.Method)[pri:0, instance:regression.InventoryCategoryTest@6392827e]" started-at="2022-12-13T21:53:30 IST" name="beforeMethod" finished-at="2022-12-13T21:53:30 IST" duration-ms="1" status="PASS">
          <params>
            <param index="0">
              <value>
                <![CDATA[public void regression.InventoryCategoryTest.verifyUserCanUpdateExistingCategory()]]>
              </value>
            </param>
          </params>
          <reporter-output>
          </reporter-output>
        </test-method> <!-- beforeMethod -->
        <test-method signature="verifyUserCanUpdateExistingCategory()[pri:4, instance:regression.InventoryCategoryTest@6392827e]" started-at="2022-12-13T21:53:30 IST" name="verifyUserCanUpdateExistingCategory" finished-at="2022-12-13T21:53:35 IST" duration-ms="5656" status="PASS">
          <reporter-output>
          </reporter-output>
        </test-method> <!-- verifyUserCanUpdateExistingCategory -->
        <test-method is-config="true" signature="afterMethod(org.testng.ITestResult)[pri:0, instance:regression.InventoryCategoryTest@6392827e]" started-at="2022-12-13T21:53:35 IST" name="afterMethod" finished-at="2022-12-13T21:53:35 IST" duration-ms="2" status="PASS">
          <params>
            <param index="0">
              <value>
                <![CDATA[[TestResult name=verifyUserCanUpdateExistingCategory status=SUCCESS method=InventoryCategoryTest.verifyUserCanUpdateExistingCategory()[pri:4, instance:regression.InventoryCategoryTest@6392827e] output={null}]]]>
              </value>
            </param>
          </params>
          <reporter-output>
          </reporter-output>
        </test-method> <!-- afterMethod -->
        <test-method is-config="true" signature="beforeMethod(java.lang.reflect.Method)[pri:0, instance:regression.InventoryCategoryTest@6392827e]" started-at="2022-12-13T21:53:35 IST" name="beforeMethod" finished-at="2022-12-13T21:53:35 IST" duration-ms="1" status="PASS">
          <params>
            <param index="0">
              <value>
                <![CDATA[public void regression.InventoryCategoryTest.verifyCountWillNotChangeAfterEditingNewCategory()]]>
              </value>
            </param>
          </params>
          <reporter-output>
          </reporter-output>
        </test-method> <!-- beforeMethod -->
        <test-method signature="verifyCountWillNotChangeAfterEditingNewCategory()[pri:5, instance:regression.InventoryCategoryTest@6392827e]" started-at="2022-12-13T21:53:35 IST" name="verifyCountWillNotChangeAfterEditingNewCategory" finished-at="2022-12-13T21:53:35 IST" duration-ms="96" status="PASS">
          <reporter-output>
          </reporter-output>
        </test-method> <!-- verifyCountWillNotChangeAfterEditingNewCategory -->
        <test-method is-config="true" signature="afterMethod(org.testng.ITestResult)[pri:0, instance:regression.InventoryCategoryTest@6392827e]" started-at="2022-12-13T21:53:35 IST" name="afterMethod" finished-at="2022-12-13T21:53:35 IST" duration-ms="2" status="PASS">
          <params>
            <param index="0">
              <value>
                <![CDATA[[TestResult name=verifyCountWillNotChangeAfterEditingNewCategory status=SUCCESS method=InventoryCategoryTest.verifyCountWillNotChangeAfterEditingNewCategory()[pri:5, instance:regression.InventoryCategoryTest@6392827e] output={null}]]]>
              </value>
            </param>
          </params>
          <reporter-output>
          </reporter-output>
        </test-method> <!-- afterMethod -->
        <test-method is-config="true" signature="beforeMethod(java.lang.reflect.Method)[pri:0, instance:regression.InventoryCategoryTest@6392827e]" started-at="2022-12-13T21:53:35 IST" name="beforeMethod" finished-at="2022-12-13T21:53:35 IST" duration-ms="1" status="PASS">
          <params>
            <param index="0">
              <value>
                <![CDATA[public void regression.InventoryCategoryTest.verifyUpdatedCategoryIsDisplayedOnCategoryPage()]]>
              </value>
            </param>
          </params>
          <reporter-output>
          </reporter-output>
        </test-method> <!-- beforeMethod -->
        <test-method signature="verifyUpdatedCategoryIsDisplayedOnCategoryPage()[pri:6, instance:regression.InventoryCategoryTest@6392827e]" started-at="2022-12-13T21:53:35 IST" name="verifyUpdatedCategoryIsDisplayedOnCategoryPage" finished-at="2022-12-13T21:53:55 IST" duration-ms="19342" status="PASS">
          <reporter-output>
          </reporter-output>
        </test-method> <!-- verifyUpdatedCategoryIsDisplayedOnCategoryPage -->
        <test-method is-config="true" signature="afterMethod(org.testng.ITestResult)[pri:0, instance:regression.InventoryCategoryTest@6392827e]" started-at="2022-12-13T21:53:55 IST" name="afterMethod" finished-at="2022-12-13T21:53:55 IST" duration-ms="17" status="PASS">
          <params>
            <param index="0">
              <value>
                <![CDATA[[TestResult name=verifyUpdatedCategoryIsDisplayedOnCategoryPage status=SUCCESS method=InventoryCategoryTest.verifyUpdatedCategoryIsDisplayedOnCategoryPage()[pri:6, instance:regression.InventoryCategoryTest@6392827e] output={null}]]]>
              </value>
            </param>
          </params>
          <reporter-output>
          </reporter-output>
        </test-method> <!-- afterMethod -->
        <test-method is-config="true" signature="beforeMethod(java.lang.reflect.Method)[pri:0, instance:regression.InventoryCategoryTest@6392827e]" started-at="2022-12-13T21:53:55 IST" name="beforeMethod" finished-at="2022-12-13T21:53:55 IST" duration-ms="1" status="PASS">
          <params>
            <param index="0">
              <value>
                <![CDATA[public void regression.InventoryCategoryTest.verifyUserCanDeleteExistingCategoryFromCategoryPage()]]>
              </value>
            </param>
          </params>
          <reporter-output>
          </reporter-output>
        </test-method> <!-- beforeMethod -->
        <test-method signature="verifyUserCanDeleteExistingCategoryFromCategoryPage()[pri:7, instance:regression.InventoryCategoryTest@6392827e]" started-at="2022-12-13T21:53:55 IST" name="verifyUserCanDeleteExistingCategoryFromCategoryPage" finished-at="2022-12-13T21:53:59 IST" duration-ms="4763" status="PASS">
          <reporter-output>
          </reporter-output>
        </test-method> <!-- verifyUserCanDeleteExistingCategoryFromCategoryPage -->
        <test-method is-config="true" signature="afterMethod(org.testng.ITestResult)[pri:0, instance:regression.InventoryCategoryTest@6392827e]" started-at="2022-12-13T21:53:59 IST" name="afterMethod" finished-at="2022-12-13T21:53:59 IST" duration-ms="5" status="PASS">
          <params>
            <param index="0">
              <value>
                <![CDATA[[TestResult name=verifyUserCanDeleteExistingCategoryFromCategoryPage status=SUCCESS method=InventoryCategoryTest.verifyUserCanDeleteExistingCategoryFromCategoryPage()[pri:7, instance:regression.InventoryCategoryTest@6392827e] output={null}]]]>
              </value>
            </param>
          </params>
          <reporter-output>
          </reporter-output>
        </test-method> <!-- afterMethod -->
        <test-method is-config="true" signature="beforeMethod(java.lang.reflect.Method)[pri:0, instance:regression.InventoryCategoryTest@6392827e]" started-at="2022-12-13T21:53:59 IST" name="beforeMethod" finished-at="2022-12-13T21:53:59 IST" duration-ms="1" status="PASS">
          <params>
            <param index="0">
              <value>
                <![CDATA[public void regression.InventoryCategoryTest.verifyCountOfRecordsWillGetReducedAfterDeletingCategory()]]>
              </value>
            </param>
          </params>
          <reporter-output>
          </reporter-output>
        </test-method> <!-- beforeMethod -->
        <test-method signature="verifyCountOfRecordsWillGetReducedAfterDeletingCategory()[pri:8, instance:regression.InventoryCategoryTest@6392827e]" started-at="2022-12-13T21:53:59 IST" name="verifyCountOfRecordsWillGetReducedAfterDeletingCategory" finished-at="2022-12-13T21:54:00 IST" duration-ms="157" status="FAIL">
          <exception class="java.lang.AssertionError">
            <message>
              <![CDATA[The following asserts failed:
Count is not decreased by one after deleting category expected [3] but found [2]]]>
            </message>
            <full-stacktrace>
              <![CDATA[java.lang.AssertionError: The following asserts failed:
Count is not decreased by one after deleting category expected [3] but found [2]
at org.testng.asserts.SoftAssert.assertAll(SoftAssert.java:47)
at org.testng.asserts.SoftAssert.assertAll(SoftAssert.java:31)
at regression.InventoryCategoryTest.verifyCountOfRecordsWillGetReducedAfterDeletingCategory(InventoryCategoryTest.java:112)
at java.base/jdk.internal.reflect.NativeMethodAccessorImpl.invoke0(Native Method)
at java.base/jdk.internal.reflect.NativeMethodAccessorImpl.invoke(NativeMethodAccessorImpl.java:78)
at java.base/jdk.internal.reflect.DelegatingMethodAccessorImpl.invoke(DelegatingMethodAccessorImpl.java:43)
at java.base/java.lang.reflect.Method.invoke(Method.java:567)
at org.testng.internal.MethodInvocationHelper.invokeMethod(MethodInvocationHelper.java:133)
at org.testng.internal.TestInvoker.invokeMethod(TestInvoker.java:598)
at org.testng.internal.TestInvoker.invokeTestMethod(TestInvoker.java:173)
at org.testng.internal.MethodRunner.runInSequence(MethodRunner.java:46)
at org.testng.internal.TestInvoker$MethodInvocationAgent.invoke(TestInvoker.java:824)
at org.testng.internal.TestInvoker.invokeTestMethods(TestInvoker.java:146)
at org.testng.internal.TestMethodWorker.invokeTestMethods(TestMethodWorker.java:146)
at org.testng.internal.TestMethodWorker.run(TestMethodWorker.java:128)
at java.base/java.util.ArrayList.forEach(ArrayList.java:1511)
at org.testng.TestRunner.privateRun(TestRunner.java:794)
at org.testng.TestRunner.run(TestRunner.java:596)
at org.testng.SuiteRunner.runTest(SuiteRunner.java:377)
at org.testng.SuiteRunner.runSequentially(SuiteRunner.java:371)
at org.testng.SuiteRunner.privateRun(SuiteRunner.java:332)
at org.testng.SuiteRunner.run(SuiteRunner.java:276)
at org.testng.SuiteRunnerWorker.runSuite(SuiteRunnerWorker.java:53)
at org.testng.SuiteRunnerWorker.run(SuiteRunnerWorker.java:96)
at org.testng.TestNG.runSuitesSequentially(TestNG.java:1212)
at org.testng.TestNG.runSuitesLocally(TestNG.java:1134)
at org.testng.TestNG.runSuites(TestNG.java:1063)
at org.testng.TestNG.run(TestNG.java:1031)
at org.testng.remote.AbstractRemoteTestNG.run(AbstractRemoteTestNG.java:115)
at org.testng.remote.RemoteTestNG.initAndRun(RemoteTestNG.java:251)
at org.testng.remote.RemoteTestNG.main(RemoteTestNG.java:77)
]]>
            </full-stacktrace>
          </exception> <!-- java.lang.AssertionError -->
          <reporter-output>
          </reporter-output>
        </test-method> <!-- verifyCountOfRecordsWillGetReducedAfterDeletingCategory -->
        <test-method is-config="true" signature="afterMethod(org.testng.ITestResult)[pri:0, instance:regression.InventoryCategoryTest@6392827e]" started-at="2022-12-13T21:54:00 IST" name="afterMethod" finished-at="2022-12-13T21:54:00 IST" duration-ms="786" status="PASS">
          <params>
            <param index="0">
              <value>
                <![CDATA[[TestResult name=verifyCountOfRecordsWillGetReducedAfterDeletingCategory status=FAILURE method=InventoryCategoryTest.verifyCountOfRecordsWillGetReducedAfterDeletingCategory()[pri:8, instance:regression.InventoryCategoryTest@6392827e] output={null}]]]>
              </value>
            </param>
          </params>
          <reporter-output>
          </reporter-output>
        </test-method> <!-- afterMethod -->
        <test-method is-config="true" signature="beforeMethod(java.lang.reflect.Method)[pri:0, instance:regression.InventoryCategoryTest@6392827e]" started-at="2022-12-13T21:54:00 IST" name="beforeMethod" finished-at="2022-12-13T21:54:00 IST" duration-ms="1" status="PASS">
          <params>
            <param index="0">
              <value>
                <![CDATA[public void regression.InventoryCategoryTest.verifyDeletedCategoryIsNotDisplayedOnCategoryPage()]]>
              </value>
            </param>
          </params>
          <reporter-output>
          </reporter-output>
        </test-method> <!-- beforeMethod -->
        <test-method signature="verifyDeletedCategoryIsNotDisplayedOnCategoryPage()[pri:9, instance:regression.InventoryCategoryTest@6392827e]" started-at="2022-12-13T21:54:00 IST" name="verifyDeletedCategoryIsNotDisplayedOnCategoryPage" finished-at="2022-12-13T21:54:05 IST" duration-ms="4936" status="FAIL">
          <exception class="java.lang.AssertionError">
            <message>
              <![CDATA[The following asserts failed:
Deleted category name is still displayed on category page expected [false] but found [true]]]>
            </message>
            <full-stacktrace>
              <![CDATA[java.lang.AssertionError: The following asserts failed:
Deleted category name is still displayed on category page expected [false] but found [true]
at org.testng.asserts.SoftAssert.assertAll(SoftAssert.java:47)
at org.testng.asserts.SoftAssert.assertAll(SoftAssert.java:31)
at regression.InventoryCategoryTest.verifyDeletedCategoryIsNotDisplayedOnCategoryPage(InventoryCategoryTest.java:120)
at java.base/jdk.internal.reflect.NativeMethodAccessorImpl.invoke0(Native Method)
at java.base/jdk.internal.reflect.NativeMethodAccessorImpl.invoke(NativeMethodAccessorImpl.java:78)
at java.base/jdk.internal.reflect.DelegatingMethodAccessorImpl.invoke(DelegatingMethodAccessorImpl.java:43)
at java.base/java.lang.reflect.Method.invoke(Method.java:567)
at org.testng.internal.MethodInvocationHelper.invokeMethod(MethodInvocationHelper.java:133)
at org.testng.internal.TestInvoker.invokeMethod(TestInvoker.java:598)
at org.testng.internal.TestInvoker.invokeTestMethod(TestInvoker.java:173)
at org.testng.internal.MethodRunner.runInSequence(MethodRunner.java:46)
at org.testng.internal.TestInvoker$MethodInvocationAgent.invoke(TestInvoker.java:824)
at org.testng.internal.TestInvoker.invokeTestMethods(TestInvoker.java:146)
at org.testng.internal.TestMethodWorker.invokeTestMethods(TestMethodWorker.java:146)
at org.testng.internal.TestMethodWorker.run(TestMethodWorker.java:128)
at java.base/java.util.ArrayList.forEach(ArrayList.java:1511)
at org.testng.TestRunner.privateRun(TestRunner.java:794)
at org.testng.TestRunner.run(TestRunner.java:596)
at org.testng.SuiteRunner.runTest(SuiteRunner.java:377)
at org.testng.SuiteRunner.runSequentially(SuiteRunner.java:371)
at org.testng.SuiteRunner.privateRun(SuiteRunner.java:332)
at org.testng.SuiteRunner.run(SuiteRunner.java:276)
at org.testng.SuiteRunnerWorker.runSuite(SuiteRunnerWorker.java:53)
at org.testng.SuiteRunnerWorker.run(SuiteRunnerWorker.java:96)
at org.testng.TestNG.runSuitesSequentially(TestNG.java:1212)
at org.testng.TestNG.runSuitesLocally(TestNG.java:1134)
at org.testng.TestNG.runSuites(TestNG.java:1063)
at org.testng.TestNG.run(TestNG.java:1031)
at org.testng.remote.AbstractRemoteTestNG.run(AbstractRemoteTestNG.java:115)
at org.testng.remote.RemoteTestNG.initAndRun(RemoteTestNG.java:251)
at org.testng.remote.RemoteTestNG.main(RemoteTestNG.java:77)
]]>
            </full-stacktrace>
          </exception> <!-- java.lang.AssertionError -->
          <reporter-output>
          </reporter-output>
        </test-method> <!-- verifyDeletedCategoryIsNotDisplayedOnCategoryPage -->
        <test-method is-config="true" signature="afterMethod(org.testng.ITestResult)[pri:0, instance:regression.InventoryCategoryTest@6392827e]" started-at="2022-12-13T21:54:05 IST" name="afterMethod" finished-at="2022-12-13T21:54:06 IST" duration-ms="982" status="PASS">
          <params>
            <param index="0">
              <value>
                <![CDATA[[TestResult name=verifyDeletedCategoryIsNotDisplayedOnCategoryPage status=FAILURE method=InventoryCategoryTest.verifyDeletedCategoryIsNotDisplayedOnCategoryPage()[pri:9, instance:regression.InventoryCategoryTest@6392827e] output={null}]]]>
              </value>
            </param>
          </params>
          <reporter-output>
          </reporter-output>
        </test-method> <!-- afterMethod -->
        <test-method is-config="true" signature="afterClass()[pri:0, instance:regression.InventoryCategoryTest@6392827e]" started-at="2022-12-13T21:54:06 IST" name="afterClass" finished-at="2022-12-13T21:54:07 IST" duration-ms="760" status="PASS">
          <reporter-output>
          </reporter-output>
        </test-method> <!-- afterClass -->
        <test-method is-config="true" signature="afterSuiteMethod()[pri:0, instance:regression.InventoryCategoryTest@6392827e]" started-at="2022-12-13T21:54:07 IST" name="afterSuiteMethod" finished-at="2022-12-13T21:54:09 IST" duration-ms="1364" status="PASS">
          <reporter-output>
          </reporter-output>
        </test-method> <!-- afterSuiteMethod -->
      </class> <!-- regression.InventoryCategoryTest -->
    </test> <!-- Default test -->
  </suite> <!-- Default suite -->
</testng-results>
